Контейнеры успешно пересобраны и запущены в Wed Aug 14 03:30:18 PM +05 2024
Контейнеры успешно пересобраны и запущены в Wed Aug 14 03:40:37 PM +05 2024
======================================
[2024-08-14 15:41:54] Начало нового запуска скрипта
======================================
[2024-08-14 15:41:54] Начало перезапуска контейнеров
[2024-08-14 15:41:54] Контейнеры успешно остановлены
[2024-08-14 15:42:02] Система Docker успешно очищена
[2024-08-14 15:43:06] Ошибка при сборке контейнеров
======================================
[2024-08-14 15:44:08] Начало нового запуска скрипта
======================================
[2024-08-14 15:44:08] Начало перезапуска контейнеров
[2024-08-14 15:44:08] Контейнеры успешно остановлены
[2024-08-14 15:44:11] Система Docker успешно очищена
[2024-08-14 15:50:50] Контейнеры успешно собраны
[2024-08-14 15:50:50] Контейнеры успешно запущены
[2024-08-14 15:50:50] Перезапуск контейнеров завершен успешно
======================================
[2024-08-14 15:50:50] Завершение работы скрипта
======================================
